<?xml version="1.0" encoding="UTF-8"?>
<!-- Generated by org.testng.reporters.JUnitReportReporter -->
<testsuite hostname="DESKTOP-J30HA1J" failures="0" tests="1" name="com.Test.testCases.TC_LoginTest_001" time="9.174" errors="0" timestamp="2024-03-27T14:49:17 IST" skipped="0">
  <testcase classname="com.Test.testCases.TC_LoginTest_001" name="loginTest" time="9.174"/>
</testsuite> <!-- com.Test.testCases.TC_LoginTest_001 -->
