<?xml version="1.0" encoding="UTF-8"?>
<!-- Generated by org.testng.reporters.JUnitReportReporter -->
<testsuite hostname="DESKTOP-J30HA1J" failures="0" tests="1" name="com.Test.testCases.TC001_LoginTest" time="14.031" errors="0" timestamp="2024-03-27T16:02:05 IST" skipped="0">
  <testcase classname="com.Test.testCases.TC001_LoginTest" name="loginTest" time="14.031"/>
</testsuite> <!-- com.Test.testCases.TC001_LoginTest -->
